<?xml version="1.0" encoding="UTF-8"?>
<testng-results skipped="0" failed="1" ignored="0" total="2" passed="1">
  <reporter-output>
  </reporter-output>
  <suite name="ryanair.RyanairTest" duration-ms="77327" started-at="2019-08-02T06:42:08Z" finished-at="2019-08-02T06:43:25Z">
    <groups>
    </groups>
    <test name="Command line test" duration-ms="77327" started-at="2019-08-02T06:42:08Z" finished-at="2019-08-02T06:43:25Z">
      <class name="ryanair.RyanairTest">
        <test-method status="PASS" signature="before()[pri:0, instance:ryanair.RyanairTest@3498ed]" name="before" is-config="true" duration-ms="44" started-at="2019-08-02T06:42:07Z" finished-at="2019-08-02T06:42:07Z">
          <reporter-output>
          </reporter-output>
        </test-method> <!-- before -->
        <test-method status="PASS" signature="launchBrowser(java.lang.reflect.Method)[pri:0, instance:ryanair.RyanairTest@3498ed]" name="launchBrowser" is-config="true" duration-ms="10196" started-at="2019-08-02T06:42:08Z" finished-at="2019-08-02T06:42:18Z">
          <params>
            <param index="0">
              <value>
                <![CDATA[public void ryanair.RyanairTest.searchForCarsInSpecificLocation(java.lang.String)]]>
              </value>
            </param>
          </params>
          <reporter-output>
          </reporter-output>
        </test-method> <!-- launchBrowser -->
        <test-method status="FAIL" signature="searchForCarsInSpecificLocation(java.lang.String)[pri:0, instance:ryanair.RyanairTest@3498ed]" name="searchForCarsInSpecificLocation" duration-ms="20389" started-at="2019-08-02T06:42:18Z" data-provider="locations-for-car-search" finished-at="2019-08-02T06:42:38Z">
          <params>
            <param index="0">
              <value>
                <![CDATA[Heathrow]]>
              </value>
            </param>
          </params>
          <exception class="org.openqa.selenium.ElementClickInterceptedException">
            <message>
              <![CDATA[element click intercepted: Element <button data-auto-id="btn..." class="ct-btn ct-small ct-palette-p-bg-color" ng-click="setEditMode()" ct-tracking="edit_btn" tabindex="0" ct-accessibility="" ng-bind="::i18n('Trip.Edit')">Edit</button> is not clickable at point (389, 358). Other element would receive the click: <div class="ct-interstitial">...</div>
  (Session info: chrome=75.0.3770.142)
  (Driver info: chromedriver=74.0.3729.6 (255758eccf3d244491b8a1317aa76e1ce10d57e9-refs/branch-heads/3729@{#29}),platform=Windows NT 10.0.17763 x86_64) (WARNING: The server did not provide any stacktrace information)
Command duration or timeout: 0 milliseconds
Build info: version: '3.14.0', revision: 'aacccce0', time: '2018-08-02T20:19:58.91Z'
System info: host: 'DESKTOP-AHEOOQQ', ip: '192.168.1.13', os.name: 'Windows 10', os.arch: 'amd64', os.version: '10.0', java.version: '1.8.0_201'
Driver info: org.openqa.selenium.chrome.ChromeDriver
Capabilities {acceptInsecureCerts: false, acceptSslCerts: false, applicationCacheEnabled: false, browserConnectionEnabled: false, browserName: chrome, chrome: {chromedriverVersion: 74.0.3729.6 (255758eccf3d24..., userDataDir: C:\Users\bwiel\AppData\Loca...}, cssSelectorsEnabled: true, databaseEnabled: false, goog:chromeOptions: {debuggerAddress: localhost:58555}, handlesAlerts: true, hasTouchScreen: false, javascriptEnabled: true, locationContextEnabled: true, mobileEmulationEnabled: false, nativeEvents: true, networkConnectionEnabled: false, pageLoadStrategy: normal, platform: XP, platformName: XP, proxy: Proxy(), rotatable: false, setWindowRect: true, strictFileInteractability: false, takesHeapSnapshot: true, takesScreenshot: true, timeouts: {implicit: 0, pageLoad: 300000, script: 30000}, unexpectedAlertBehaviour: ignore, unhandledPromptBehavior: ignore, version: 75.0.3770.142, webStorageEnabled: true}
Session ID: 7f75297e3347a222c7ac14f70d4f271c]]>
            </message>
            <full-stacktrace>
              <![CDATA[org.openqa.selenium.ElementClickInterceptedException: element click intercepted: Element <button data-auto-id="btn..." class="ct-btn ct-small ct-palette-p-bg-color" ng-click="setEditMode()" ct-tracking="edit_btn" tabindex="0" ct-accessibility="" ng-bind="::i18n('Trip.Edit')">Edit</button> is not clickable at point (389, 358). Other element would receive the click: <div class="ct-interstitial">...</div>
  (Session info: chrome=75.0.3770.142)
  (Driver info: chromedriver=74.0.3729.6 (255758eccf3d244491b8a1317aa76e1ce10d57e9-refs/branch-heads/3729@{#29}),platform=Windows NT 10.0.17763 x86_64) (WARNING: The server did not provide any stacktrace information)
Command duration or timeout: 0 milliseconds
Build info: version: '3.14.0', revision: 'aacccce0', time: '2018-08-02T20:19:58.91Z'
System info: host: 'DESKTOP-AHEOOQQ', ip: '192.168.1.13', os.name: 'Windows 10', os.arch: 'amd64', os.version: '10.0', java.version: '1.8.0_201'
Driver info: org.openqa.selenium.chrome.ChromeDriver
Capabilities {acceptInsecureCerts: false, acceptSslCerts: false, applicationCacheEnabled: false, browserConnectionEnabled: false, browserName: chrome, chrome: {chromedriverVersion: 74.0.3729.6 (255758eccf3d24..., userDataDir: C:\Users\bwiel\AppData\Loca...}, cssSelectorsEnabled: true, databaseEnabled: false, goog:chromeOptions: {debuggerAddress: localhost:58555}, handlesAlerts: true, hasTouchScreen: false, javascriptEnabled: true, locationContextEnabled: true, mobileEmulationEnabled: false, nativeEvents: true, networkConnectionEnabled: false, pageLoadStrategy: normal, platform: XP, platformName: XP, proxy: Proxy(), rotatable: false, setWindowRect: true, strictFileInteractability: false, takesHeapSnapshot: true, takesScreenshot: true, timeouts: {implicit: 0, pageLoad: 300000, script: 30000}, unexpectedAlertBehaviour: ignore, unhandledPromptBehavior: ignore, version: 75.0.3770.142, webStorageEnabled: true}
Session ID: 7f75297e3347a222c7ac14f70d4f271c
at sun.reflect.NativeConstructorAccessorImpl.newInstance0(Native Method)
at sun.reflect.NativeConstructorAccessorImpl.newInstance(NativeConstructorAccessorImpl.java:62)
at sun.reflect.DelegatingConstructorAccessorImpl.newInstance(DelegatingConstructorAccessorImpl.java:45)
at java.lang.reflect.Constructor.newInstance(Constructor.java:423)
at org.openqa.selenium.remote.ErrorHandler.createThrowable(ErrorHandler.java:214)
at org.openqa.selenium.remote.ErrorHandler.throwIfResponseFailed(ErrorHandler.java:166)
at org.openqa.selenium.remote.http.JsonHttpResponseCodec.reconstructValue(JsonHttpResponseCodec.java:40)
at org.openqa.selenium.remote.http.AbstractHttpResponseCodec.decode(AbstractHttpResponseCodec.java:80)
at org.openqa.selenium.remote.http.AbstractHttpResponseCodec.decode(AbstractHttpResponseCodec.java:44)
at org.openqa.selenium.remote.HttpCommandExecutor.execute(HttpCommandExecutor.java:158)
at org.openqa.selenium.remote.service.DriverCommandExecutor.execute(DriverCommandExecutor.java:83)
at org.openqa.selenium.remote.RemoteWebDriver.execute(RemoteWebDriver.java:548)
at org.openqa.selenium.remote.RemoteWebElement.execute(RemoteWebElement.java:276)
at org.openqa.selenium.remote.RemoteWebElement.click(RemoteWebElement.java:83)
at commons.BrowserActions.click(BrowserActions.java:25)
at pages.SearchResultsPage.editSearchCriteria(SearchResultsPage.java:19)
at ryanair.RyanairTest.searchForCarsInSpecificLocation(RyanairTest.java:30)
at sun.reflect.NativeMethodAccessorImpl.invoke0(Native Method)
at sun.reflect.NativeMethodAccessorImpl.invoke(NativeMethodAccessorImpl.java:62)
at sun.reflect.DelegatingMethodAccessorImpl.invoke(DelegatingMethodAccessorImpl.java:43)
at java.lang.reflect.Method.invoke(Method.java:498)
at org.testng.internal.MethodInvocationHelper.invokeMethod(MethodInvocationHelper.java:124)
at org.testng.internal.Invoker.invokeMethod(Invoker.java:583)
at org.testng.internal.Invoker.invokeTestMethod(Invoker.java:719)
at org.testng.internal.Invoker.invokeTestMethods(Invoker.java:989)
at org.testng.internal.TestMethodWorker.invokeTestMethods(TestMethodWorker.java:125)
at org.testng.internal.TestMethodWorker.run(TestMethodWorker.java:109)
at org.testng.TestRunner.privateRun(TestRunner.java:648)
at org.testng.TestRunner.run(TestRunner.java:505)
at org.testng.SuiteRunner.runTest(SuiteRunner.java:455)
at org.testng.SuiteRunner.runSequentially(SuiteRunner.java:450)
at org.testng.SuiteRunner.privateRun(SuiteRunner.java:415)
at org.testng.SuiteRunner.run(SuiteRunner.java:364)
at org.testng.SuiteRunnerWorker.runSuite(SuiteRunnerWorker.java:52)
at org.testng.SuiteRunnerWorker.run(SuiteRunnerWorker.java:84)
at org.testng.TestNG.runSuitesSequentially(TestNG.java:1208)
at org.testng.TestNG.runSuitesLocally(TestNG.java:1137)
at org.testng.TestNG.runSuites(TestNG.java:1049)
at org.testng.TestNG.run(TestNG.java:1017)
at org.apache.maven.surefire.testng.TestNGExecutor.run(TestNGExecutor.java:77)
at org.apache.maven.surefire.testng.TestNGDirectoryTestSuite.execute(TestNGDirectoryTestSuite.java:110)
at org.apache.maven.surefire.testng.TestNGProvider.invoke(TestNGProvider.java:106)
at sun.reflect.NativeMethodAccessorImpl.invoke0(Native Method)
at sun.reflect.NativeMethodAccessorImpl.invoke(NativeMethodAccessorImpl.java:62)
at sun.reflect.DelegatingMethodAccessorImpl.invoke(DelegatingMethodAccessorImpl.java:43)
at java.lang.reflect.Method.invoke(Method.java:498)
at org.apache.maven.surefire.util.ReflectionUtils.invokeMethodWithArray(ReflectionUtils.java:189)
at org.apache.maven.surefire.booter.ProviderFactory$ProviderProxy.invoke(ProviderFactory.java:165)
at org.apache.maven.surefire.booter.ProviderFactory.invokeProvider(ProviderFactory.java:85)
at org.apache.maven.surefire.booter.ForkedBooter.runSuitesInProcess(ForkedBooter.java:115)
at org.apache.maven.surefire.booter.ForkedBooter.main(ForkedBooter.java:75)
]]>
            </full-stacktrace>
          </exception> <!-- org.openqa.selenium.ElementClickInterceptedException -->
          <reporter-output>
          </reporter-output>
        </test-method> <!-- searchForCarsInSpecificLocation -->
        <test-method status="PASS" signature="closeBrowser(org.testng.ITestResult, java.lang.reflect.Method)[pri:0, instance:ryanair.RyanairTest@3498ed]" name="closeBrowser" is-config="true" duration-ms="1322" started-at="2019-08-02T06:42:38Z" finished-at="2019-08-02T06:42:40Z">
          <params>
            <param index="0">
              <value>
                <![CDATA[[TestResult name=searchForCarsInSpecificLocation status=FAILURE method=RyanairTest.searchForCarsInSpecificLocation(java.lang.String)[pri:0, instance:ryanair.RyanairTest@3498ed] output={null}]]]>
              </value>
            </param>
            <param index="1">
              <value>
                <![CDATA[public void ryanair.RyanairTest.searchForCarsInSpecificLocation(java.lang.String)]]>
              </value>
            </param>
          </params>
          <reporter-output>
          </reporter-output>
        </test-method> <!-- closeBrowser -->
        <test-method status="PASS" signature="launchBrowser(java.lang.reflect.Method)[pri:0, instance:ryanair.RyanairTest@3498ed]" name="launchBrowser" is-config="true" duration-ms="7847" started-at="2019-08-02T06:42:40Z" finished-at="2019-08-02T06:42:47Z">
          <params>
            <param index="0">
              <value>
                <![CDATA[public void ryanair.RyanairTest.searchForCarsInSpecificLocation(java.lang.String)]]>
              </value>
            </param>
          </params>
          <reporter-output>
          </reporter-output>
        </test-method> <!-- launchBrowser -->
        <test-method status="PASS" signature="searchForCarsInSpecificLocation(java.lang.String)[pri:0, instance:ryanair.RyanairTest@3498ed]" name="searchForCarsInSpecificLocation" duration-ms="35937" started-at="2019-08-02T06:42:47Z" data-provider="locations-for-car-search" finished-at="2019-08-02T06:43:23Z">
          <params>
            <param index="0">
              <value>
                <![CDATA[Modlin]]>
              </value>
            </param>
          </params>
          <reporter-output>
          </reporter-output>
        </test-method> <!-- searchForCarsInSpecificLocation -->
        <test-method status="PASS" signature="closeBrowser(org.testng.ITestResult, java.lang.reflect.Method)[pri:0, instance:ryanair.RyanairTest@3498ed]" name="closeBrowser" is-config="true" duration-ms="1538" started-at="2019-08-02T06:43:23Z" finished-at="2019-08-02T06:43:25Z">
          <params>
            <param index="0">
              <value>
                <![CDATA[[TestResult name=searchForCarsInSpecificLocation status=SUCCESS method=RyanairTest.searchForCarsInSpecificLocation(java.lang.String)[pri:0, instance:ryanair.RyanairTest@3498ed] output={null}]]]>
              </value>
            </param>
            <param index="1">
              <value>
                <![CDATA[public void ryanair.RyanairTest.searchForCarsInSpecificLocation(java.lang.String)]]>
              </value>
            </param>
          </params>
          <reporter-output>
          </reporter-output>
        </test-method> <!-- closeBrowser -->
      </class> <!-- ryanair.RyanairTest -->
    </test> <!-- Command line test -->
  </suite> <!-- ryanair.RyanairTest -->
</testng-results>
